<?xml version="1.0" encoding="UTF-8" ?>
<testsuite tests="17" failures="0" name="edu.uw.cs.FlightServiceTest" time="197.086" errors="0" skipped="0">
  <properties>
[...]
</properties>
  <testcase classname="edu.uw.cs.FlightServiceTest" name="runTest[0]" time="18.425"/>
  <testcase classname="edu.uw.cs.FlightServiceTest" name="runTest[1]" time="6.75"/>
  <testcase classname="edu.uw.cs.FlightServiceTest" name="runTest[2]" time="22.382"/>
  <testcase classname="edu.uw.cs.FlightServiceTest" name="runTest[3]" time="13.909"/>
  <testcase classname="edu.uw.cs.FlightServiceTest" name="runTest[4]" time="8.296"/>
  <testcase classname="edu.uw.cs.FlightServiceTest" name="runTest[5]" time="10.41"/>
  <testcase classname="edu.uw.cs.FlightServiceTest" name="runTest[6]" time="8.667"/>
  <testcase classname="edu.uw.cs.FlightServiceTest" name="runTest[7]" time="8.824"/>
  <testcase classname="edu.uw.cs.FlightServiceTest" name="runTest[8]" time="10.002"/>
  <testcase classname="edu.uw.cs.FlightServiceTest" name="runTest[9]" time="13.376"/>
  <testcase classname="edu.uw.cs.FlightServiceTest" name="runTest[10]" time="13.157"/>
  <testcase classname="edu.uw.cs.FlightServiceTest" name="runTest[11]" time="10.124"/>
  <testcase classname="edu.uw.cs.FlightServiceTest" name="runTest[12]" time="6.66"/>
  <testcase classname="edu.uw.cs.FlightServiceTest" name="runTest[13]" time="11.821"/>
  <testcase classname="edu.uw.cs.FlightServiceTest" name="runTest[14]" time="10.341"/>
  <testcase classname="edu.uw.cs.FlightServiceTest" name="runTest[15]" time="13.613"/>
  <testcase classname="edu.uw.cs.FlightServiceTest" name="runTest[16]" time="10.329"/>
</testsuite>